{"level":"error","message":"Express Server failure","service":"user-service","timestamp":"2024-10-23T18:19:44.285Z"}
{"level":"error","service":"user-service","timestamp":"2024-10-23T18:19:44.291Z"}
{"level":"error","message":"Express Server failure","service":"user-service","timestamp":"2024-10-23T18:22:45.346Z"}
{"level":"error","service":"user-service","timestamp":"2024-10-23T18:22:45.349Z"}
{"level":"info","message":"Express Server running","service":"user-service","timestamp":"2024-10-23T18:33:18.172Z"}
{"clientVersion":"5.4.2","code":"P2022","level":"info","message":"Error seederUpdateReservableItemAndPaymentMethod \nInvalid `prisma.reservableItem.findMany()` invocation in\n/Users/ma/Desktop/horai/api/reservation/src/adapters/gateways/repositories/postgres/reservableItem/PostgresReservableItemPaymentMethodRepository.ts:53:49\n\n  50 public getAllActivityReservableItemsWithPaymentMethod = async (): Promise<DomainActivityReservableItem[]> => {\n  51     const prisma = dbConnection.getInstance();\n  52 \n→ 53     const exp = await prisma.reservableItem.findMany(\nThe column `ReservableItem.amoId` does not exist in the current database.","meta":{"column":"ReservableItem.amoId"},"name":"PrismaClientKnownRequestError","service":"user-service","stack":"PrismaClientKnownRequestError: \nInvalid `prisma.reservableItem.findMany()` invocation in\n/Users/ma/Desktop/horai/api/reservation/src/adapters/gateways/repositories/postgres/reservableItem/PostgresReservableItemPaymentMethodRepository.ts:53:49\n\n  50 public getAllActivityReservableItemsWithPaymentMethod = async (): Promise<DomainActivityReservableItem[]> => {\n  51     const prisma = dbConnection.getInstance();\n  52 \n→ 53     const exp = await prisma.reservableItem.findMany(\nThe column `ReservableItem.amoId` does not exist in the current database.\n    at Cn.handleRequestError (/Users/ma/Desktop/horai/api/reservation/node_modules/@prisma/client/runtime/library.js:123:6817)\n    at Cn.handleAndLogRequestError (/Users/ma/Desktop/horai/api/reservation/node_modules/@prisma/client/runtime/library.js:123:6206)\n    at Cn.request (/Users/ma/Desktop/horai/api/reservation/node_modules/@prisma/client/runtime/library.js:123:5926)\n    at async l (/Users/ma/Desktop/horai/api/reservation/node_modules/@prisma/client/runtime/library.js:128:9968)\n    at async /Users/ma/Desktop/horai/api/reservation/src/infrastructures/database/RetryMiddleWare.ts:42:32\n    at async PostgresReservableItemPaymentMethodRepository.getAllActivityReservableItemsWithPaymentMethod (/Users/ma/Desktop/horai/api/reservation/src/adapters/gateways/repositories/postgres/reservableItem/PostgresReservableItemPaymentMethodRepository.ts:53:21)\n    at async SeederUpdateReservableItemAndPaymentMethod.execute (/Users/ma/Desktop/horai/api/reservation/src/usecases/reservableItem/seeder/SeederUpdateReservableItemAndPaymentMethod.ts:23:13)\n    at async launchServer (/Users/ma/Desktop/horai/api/reservation/src/adapters/controllers/openapi/routes/index.js:612:13)","timestamp":"2024-10-24T04:48:05.412Z"}
{"level":"info","message":"Express Server running","service":"user-service","timestamp":"2024-10-24T04:48:06.217Z"}
{"level":"info","message":"Express Server running","service":"user-service","timestamp":"2024-10-24T04:48:43.435Z"}
{"level":"info","message":"Express Server running","service":"user-service","timestamp":"2024-10-24T06:09:45.346Z"}
{"level":"info","message":"Express Server running","service":"user-service","timestamp":"2024-10-24T06:16:38.279Z"}
{"level":"info","message":"Express Server running","service":"user-service","timestamp":"2024-10-24T06:45:46.215Z"}
{"level":"info","message":"Express Server running","service":"user-service","timestamp":"2024-10-24T07:07:36.859Z"}
{"level":"info","message":"Express Server running","service":"user-service","timestamp":"2024-10-24T07:28:48.730Z"}
{"level":"info","message":"Express Server running","service":"user-service","timestamp":"2024-10-24T07:29:17.134Z"}
{"level":"info","message":"Express Server running","service":"user-service","timestamp":"2024-10-24T07:30:28.912Z"}
{"level":"info","message":"Express Server running","service":"user-service","timestamp":"2024-10-24T07:37:48.533Z"}
{"level":"info","message":"Express Server running","service":"user-service","timestamp":"2024-10-24T07:38:32.505Z"}
{"level":"info","message":"Express Server running","service":"user-service","timestamp":"2024-10-24T07:41:04.292Z"}
{"level":"info","message":"Express Server running","service":"user-service","timestamp":"2024-10-24T08:10:23.051Z"}
{"level":"info","message":"Express Server running","service":"user-service","timestamp":"2024-10-24T08:28:03.299Z"}
{"level":"info","message":"Express Server running","service":"user-service","timestamp":"2024-10-24T08:39:59.903Z"}
{"level":"info","message":"Express Server running","service":"user-service","timestamp":"2024-10-24T08:44:22.957Z"}
{"level":"info","message":"Express Server running","service":"user-service","timestamp":"2024-10-24T08:47:05.266Z"}
{"level":"info","message":"Express Server running","service":"user-service","timestamp":"2024-10-24T08:50:10.525Z"}
{"clientVersion":"5.4.2","code":"P2022","level":"info","message":"Error seederUpdateReservableItemAndPaymentMethod \nInvalid `prisma.reservableItem.findMany()` invocation in\n/Users/ma/Desktop/horai/api/reservation/src/adapters/gateways/repositories/postgres/reservableItem/PostgresReservableItemPaymentMethodRepository.ts:53:49\n\n  50 public getAllActivityReservableItemsWithPaymentMethod = async (): Promise<DomainActivityReservableItem[]> => {\n  51     const prisma = dbConnection.getInstance();\n  52 \n→ 53     const exp = await prisma.reservableItem.findMany(\nThe column `ReservableItem.amoId` does not exist in the current database.","meta":{"column":"ReservableItem.amoId"},"name":"PrismaClientKnownRequestError","service":"user-service","stack":"PrismaClientKnownRequestError: \nInvalid `prisma.reservableItem.findMany()` invocation in\n/Users/ma/Desktop/horai/api/reservation/src/adapters/gateways/repositories/postgres/reservableItem/PostgresReservableItemPaymentMethodRepository.ts:53:49\n\n  50 public getAllActivityReservableItemsWithPaymentMethod = async (): Promise<DomainActivityReservableItem[]> => {\n  51     const prisma = dbConnection.getInstance();\n  52 \n→ 53     const exp = await prisma.reservableItem.findMany(\nThe column `ReservableItem.amoId` does not exist in the current database.\n    at Cn.handleRequestError (/Users/ma/Desktop/horai/api/reservation/node_modules/@prisma/client/runtime/library.js:123:6817)\n    at Cn.handleAndLogRequestError (/Users/ma/Desktop/horai/api/reservation/node_modules/@prisma/client/runtime/library.js:123:6206)\n    at Cn.request (/Users/ma/Desktop/horai/api/reservation/node_modules/@prisma/client/runtime/library.js:123:5926)\n    at async l (/Users/ma/Desktop/horai/api/reservation/node_modules/@prisma/client/runtime/library.js:128:9968)\n    at async /Users/ma/Desktop/horai/api/reservation/src/infrastructures/database/RetryMiddleWare.ts:42:32\n    at async PostgresReservableItemPaymentMethodRepository.getAllActivityReservableItemsWithPaymentMethod (/Users/ma/Desktop/horai/api/reservation/src/adapters/gateways/repositories/postgres/reservableItem/PostgresReservableItemPaymentMethodRepository.ts:53:21)\n    at async SeederUpdateReservableItemAndPaymentMethod.execute (/Users/ma/Desktop/horai/api/reservation/src/usecases/reservableItem/seeder/SeederUpdateReservableItemAndPaymentMethod.ts:23:13)\n    at async launchServer (/Users/ma/Desktop/horai/api/reservation/src/adapters/controllers/openapi/routes/index.js:612:13)","timestamp":"2024-10-24T08:52:53.602Z"}
{"level":"info","message":"Express Server running","service":"user-service","timestamp":"2024-10-24T08:52:54.274Z"}
{"level":"info","message":"Express Server running","service":"user-service","timestamp":"2024-10-24T08:55:33.727Z"}
{"level":"info","message":"Express Server running","service":"user-service","timestamp":"2024-10-24T09:12:55.082Z"}
{"level":"info","message":"Express Server running","service":"user-service","timestamp":"2024-10-24T09:23:32.764Z"}
{"level":"info","message":"Express Server running","service":"user-service","timestamp":"2024-10-24T09:24:02.047Z"}
{"level":"info","message":"Express Server running","service":"user-service","timestamp":"2024-10-24T09:36:26.938Z"}
{"level":"info","message":"Express Server running","service":"user-service","timestamp":"2024-10-24T10:00:27.626Z"}
{"level":"info","message":"Express Server running","service":"user-service","timestamp":"2024-10-24T10:04:12.215Z"}
{"level":"info","message":"Express Server running","service":"user-service","timestamp":"2024-10-24T10:06:04.299Z"}
{"level":"info","message":"Express Server running","service":"user-service","timestamp":"2024-10-24T10:41:31.628Z"}
{"level":"info","message":"Express Server running","service":"user-service","timestamp":"2024-10-24T11:54:27.871Z"}
{"level":"info","message":"Express Server running","service":"user-service","timestamp":"2024-10-24T12:28:48.113Z"}
{"level":"info","message":"Express Server running","service":"user-service","timestamp":"2024-10-24T12:37:29.340Z"}
{"level":"info","message":"Express Server running","service":"user-service","timestamp":"2024-10-24T14:24:31.195Z"}
{"level":"info","message":"Express Server running","service":"user-service","timestamp":"2024-10-24T16:18:41.593Z"}
{"level":"info","message":"Express Server running","service":"user-service","timestamp":"2024-10-24T16:37:01.433Z"}
{"level":"info","message":"Express Server running","service":"user-service","timestamp":"2024-10-24T16:41:13.597Z"}
{"level":"info","message":"Express Server running","service":"user-service","timestamp":"2024-10-24T16:43:51.822Z"}
{"level":"info","message":"Express Server running","service":"user-service","timestamp":"2024-10-24T16:45:31.947Z"}
{"level":"info","message":"Express Server running","service":"user-service","timestamp":"2024-10-24T16:52:22.826Z"}
{"level":"info","message":"Express Server running","service":"user-service","timestamp":"2024-10-24T17:06:03.335Z"}
{"level":"info","message":"Express Server running","service":"user-service","timestamp":"2024-10-24T17:07:00.839Z"}
{"level":"info","message":"Express Server running","service":"user-service","timestamp":"2024-10-24T17:10:55.073Z"}
{"level":"error","message":"Express Server failure","service":"user-service","timestamp":"2024-10-24T17:20:17.583Z"}
{"level":"error","service":"user-service","timestamp":"2024-10-24T17:20:17.587Z"}
{"level":"info","message":"Express Server running","service":"user-service","timestamp":"2024-10-24T17:21:10.218Z"}
{"level":"info","message":"Express Server running","service":"user-service","timestamp":"2024-10-24T17:34:41.755Z"}
{"level":"info","message":"Express Server running","service":"user-service","timestamp":"2024-10-24T17:56:57.594Z"}
{"clientVersion":"5.4.2","code":"P2022","level":"info","message":"Error seederUpdateReservableItemAndPaymentMethod \nInvalid `prisma.reservableItem.findMany()` invocation in\n/Users/ma/Desktop/horai/api/reservation/src/adapters/gateways/repositories/postgres/reservableItem/PostgresReservableItemPaymentMethodRepository.ts:53:49\n\n  50 public getAllActivityReservableItemsWithPaymentMethod = async (): Promise<DomainActivityReservableItem[]> => {\n  51     const prisma = dbConnection.getInstance();\n  52 \n→ 53     const exp = await prisma.reservableItem.findMany(\nThe column `ReservableItem.amoId` does not exist in the current database.","meta":{"column":"ReservableItem.amoId"},"name":"PrismaClientKnownRequestError","service":"user-service","stack":"PrismaClientKnownRequestError: \nInvalid `prisma.reservableItem.findMany()` invocation in\n/Users/ma/Desktop/horai/api/reservation/src/adapters/gateways/repositories/postgres/reservableItem/PostgresReservableItemPaymentMethodRepository.ts:53:49\n\n  50 public getAllActivityReservableItemsWithPaymentMethod = async (): Promise<DomainActivityReservableItem[]> => {\n  51     const prisma = dbConnection.getInstance();\n  52 \n→ 53     const exp = await prisma.reservableItem.findMany(\nThe column `ReservableItem.amoId` does not exist in the current database.\n    at Cn.handleRequestError (/Users/ma/Desktop/horai/api/reservation/node_modules/@prisma/client/runtime/library.js:123:6817)\n    at Cn.handleAndLogRequestError (/Users/ma/Desktop/horai/api/reservation/node_modules/@prisma/client/runtime/library.js:123:6206)\n    at Cn.request (/Users/ma/Desktop/horai/api/reservation/node_modules/@prisma/client/runtime/library.js:123:5926)\n    at async l (/Users/ma/Desktop/horai/api/reservation/node_modules/@prisma/client/runtime/library.js:128:9968)\n    at async /Users/ma/Desktop/horai/api/reservation/src/infrastructures/database/RetryMiddleWare.ts:42:32\n    at async PostgresReservableItemPaymentMethodRepository.getAllActivityReservableItemsWithPaymentMethod (/Users/ma/Desktop/horai/api/reservation/src/adapters/gateways/repositories/postgres/reservableItem/PostgresReservableItemPaymentMethodRepository.ts:53:21)\n    at async SeederUpdateReservableItemAndPaymentMethod.execute (/Users/ma/Desktop/horai/api/reservation/src/usecases/reservableItem/seeder/SeederUpdateReservableItemAndPaymentMethod.ts:23:13)\n    at async launchServer (/Users/ma/Desktop/horai/api/reservation/src/adapters/controllers/openapi/routes/index.js:612:13)","timestamp":"2024-10-25T04:57:49.859Z"}
{"level":"info","message":"Express Server running","service":"user-service","timestamp":"2024-10-25T04:57:50.585Z"}
{"level":"info","message":"Express Server running","service":"user-service","timestamp":"2024-10-25T05:12:36.650Z"}
{"level":"info","message":"Express Server running","service":"user-service","timestamp":"2024-10-25T05:57:31.534Z"}
{"level":"info","message":"Express Server running","service":"user-service","timestamp":"2024-10-25T05:58:18.020Z"}
{"level":"info","message":"Express Server running","service":"user-service","timestamp":"2024-10-25T06:07:34.915Z"}
{"level":"info","message":"Express Server running","service":"user-service","timestamp":"2024-10-25T06:32:52.505Z"}
{"level":"info","message":"Express Server running","service":"user-service","timestamp":"2024-10-25T06:47:13.870Z"}
{"level":"info","message":"Express Server running","service":"user-service","timestamp":"2024-10-25T07:30:24.827Z"}
{"level":"info","message":"Express Server running","service":"user-service","timestamp":"2024-10-25T07:36:32.917Z"}
{"level":"info","message":"Express Server running","service":"user-service","timestamp":"2024-10-25T07:41:18.058Z"}
{"level":"info","message":"Express Server running","service":"user-service","timestamp":"2024-12-04T06:28:08.443Z"}
{"level":"info","message":"Express Server running","service":"user-service","timestamp":"2024-12-04T08:33:51.298Z"}
{"level":"info","message":"Express Server running","service":"user-service","timestamp":"2024-12-04T08:40:55.382Z"}
{"level":"info","message":"Express Server running","service":"user-service","timestamp":"2024-12-04T08:42:17.764Z"}
{"level":"error","message":"Express Server failure","service":"user-service","timestamp":"2024-12-05T05:54:30.486Z"}
{"level":"error","service":"user-service","timestamp":"2024-12-05T05:54:30.490Z"}
{"level":"error","message":"Express Server failure","service":"user-service","timestamp":"2024-12-05T05:55:17.342Z"}
{"level":"error","service":"user-service","timestamp":"2024-12-05T05:55:17.346Z"}
{"level":"info","message":"Express Server running","service":"user-service","timestamp":"2024-12-05T06:06:07.077Z"}
{"level":"info","message":"Express Server running","service":"user-service","timestamp":"2024-12-05T06:18:52.566Z"}
{"clientVersion":"5.4.2","code":"P2022","level":"info","message":"Error seederAddTimeSlotBookingForReservation \nInvalid `prisma.customerTimeSlot.findMany()` invocation in\n/Users/ma/Desktop/horai/api/reservation/src/adapters/gateways/repositories/postgres/customerTimeSlot/PostgresGetActivityCustomerTimeSlotRepository.ts:47:51\n\n  44 public async getAllActivityCustomerTimeSlotsWithTimeSlotBookings(): Promise<DomainActivityCustomerTimeSlot[]> {\n  45     const prisma = dbConnection.getInstance();\n  46 \n→ 47     const exp = await prisma.customerTimeSlot.findMany(\nThe column `CustomerTimeSlot.amoId` does not exist in the current database.","meta":{"column":"CustomerTimeSlot.amoId"},"name":"PrismaClientKnownRequestError","service":"user-service","stack":"PrismaClientKnownRequestError: \nInvalid `prisma.customerTimeSlot.findMany()` invocation in\n/Users/ma/Desktop/horai/api/reservation/src/adapters/gateways/repositories/postgres/customerTimeSlot/PostgresGetActivityCustomerTimeSlotRepository.ts:47:51\n\n  44 public async getAllActivityCustomerTimeSlotsWithTimeSlotBookings(): Promise<DomainActivityCustomerTimeSlot[]> {\n  45     const prisma = dbConnection.getInstance();\n  46 \n→ 47     const exp = await prisma.customerTimeSlot.findMany(\nThe column `CustomerTimeSlot.amoId` does not exist in the current database.\n    at Cn.handleRequestError (/Users/ma/Desktop/horai/api/reservation/node_modules/@prisma/client/runtime/library.js:123:6817)\n    at Cn.handleAndLogRequestError (/Users/ma/Desktop/horai/api/reservation/node_modules/@prisma/client/runtime/library.js:123:6206)\n    at Cn.request (/Users/ma/Desktop/horai/api/reservation/node_modules/@prisma/client/runtime/library.js:123:5926)\n    at async l (/Users/ma/Desktop/horai/api/reservation/node_modules/@prisma/client/runtime/library.js:128:9968)\n    at async /Users/ma/Desktop/horai/api/reservation/src/infrastructures/database/RetryMiddleWare.ts:42:32\n    at async PostgresGetActivityCustomerTimeSlotRepository.getAllActivityCustomerTimeSlotsWithTimeSlotBookings (/Users/ma/Desktop/horai/api/reservation/src/adapters/gateways/repositories/postgres/customerTimeSlot/PostgresGetActivityCustomerTimeSlotRepository.ts:47:21)\n    at async SeederAddTimeSlotBookingForReservation.execute (/Users/ma/Desktop/horai/api/reservation/src/usecases/reservation/seeder/SeederAddTimeSlotBookingForReservation.ts:28:13)\n    at async launchServer (/Users/ma/Desktop/horai/api/reservation/src/adapters/controllers/openapi/routes/index.js:622:13)","timestamp":"2024-12-06T09:22:22.738Z"}
{"level":"info","message":"Express Server running","service":"user-service","timestamp":"2024-12-06T09:22:22.763Z"}
{"level":"info","message":"Express Server running","service":"user-service","timestamp":"2024-12-09T13:25:55.798Z"}
{"level":"info","message":"Express Server running","service":"user-service","timestamp":"2024-12-09T13:30:27.564Z"}
{"level":"info","message":"Express Server running","service":"user-service","timestamp":"2024-12-09T13:33:33.763Z"}
{"level":"info","message":"Express Server running","service":"user-service","timestamp":"2024-12-09T13:35:55.215Z"}
{"level":"info","message":"Express Server running","service":"user-service","timestamp":"2024-12-10T05:47:42.380Z"}
{"level":"info","message":"Express Server running","service":"user-service","timestamp":"2024-12-10T05:48:20.545Z"}
{"level":"info","message":"Express Server running","service":"user-service","timestamp":"2024-12-10T05:51:26.080Z"}
{"level":"info","message":"Express Server running","service":"user-service","timestamp":"2024-12-10T06:37:21.605Z"}
{"level":"info","message":"Express Server running","service":"user-service","timestamp":"2024-12-10T06:39:31.362Z"}
{"level":"info","message":"Express Server running","service":"user-service","timestamp":"2024-12-10T06:43:30.229Z"}
{"level":"info","message":"Express Server running","service":"user-service","timestamp":"2024-12-10T09:04:15.185Z"}
{"level":"info","message":"Express Server running","service":"user-service","timestamp":"2024-12-10T09:05:49.577Z"}
{"level":"info","message":"Express Server running","service":"user-service","timestamp":"2024-12-10T09:06:48.707Z"}
{"level":"info","message":"Express Server running","service":"user-service","timestamp":"2024-12-10T09:09:35.742Z"}
{"level":"info","message":"Express Server running","service":"user-service","timestamp":"2024-12-10T09:14:58.352Z"}
{"level":"info","message":"Express Server running","service":"user-service","timestamp":"2024-12-10T09:59:24.454Z"}
{"level":"info","message":"Express Server running","service":"user-service","timestamp":"2024-12-10T10:08:50.496Z"}
{"level":"info","message":"Express Server running","service":"user-service","timestamp":"2024-12-10T10:19:05.948Z"}
{"level":"info","message":"Express Server running","service":"user-service","timestamp":"2024-12-10T10:23:05.017Z"}
{"level":"info","message":"Express Server running","service":"user-service","timestamp":"2024-12-10T10:23:52.089Z"}
{"level":"info","message":"Express Server running","service":"user-service","timestamp":"2024-12-10T10:25:32.769Z"}
{"level":"info","message":"Express Server running","service":"user-service","timestamp":"2024-12-10T10:26:12.599Z"}
{"level":"info","message":"Express Server running","service":"user-service","timestamp":"2024-12-10T10:28:49.554Z"}
{"level":"info","message":"Express Server running","service":"user-service","timestamp":"2024-12-10T10:33:16.323Z"}
{"level":"info","message":"Express Server running","service":"user-service","timestamp":"2024-12-10T10:36:58.127Z"}
{"level":"info","message":"Express Server running","service":"user-service","timestamp":"2024-12-10T10:38:48.361Z"}
